2024-09-16 23:50:05 INFO  org.hibernate.validator.internal.util.Version - HV000001: Hibernate Validator 8.0.1.Final
2024-09-16 23:50:05 INFO  com.example.sms_app.SmsAppApplication - Starting SmsAppApplication using Java 22.0.1 with PID 19780 (C:\Users\aalgh\OneDrive\Desktop\Internship\sms-app\target\classes started by aalgh in C:\Users\aalgh\OneDrive\Desktop\Internship\sms-app)
2024-09-16 23:50:05 INFO  com.example.sms_app.SmsAppApplication - No active profile set, falling back to 1 default profile: "default"
2024-09-16 23:50:05 INFO  org.springframework.boot.devtools.env.DevToolsPropertyDefaultsPostProcessor - Devtools property defaults active! Set 'spring.devtools.add-properties' to 'false' to disable
2024-09-16 23:50:05 INFO  org.springframework.boot.devtools.env.DevToolsPropertyDefaultsPostProcessor - For additional web related logging consider setting the 'logging.level.web' property to 'DEBUG'
2024-09-16 23:50:07 INFO  org.springframework.data.repository.config.RepositoryConfigurationDelegate - Bootstrapping Spring Data JPA repositories in DEFAULT mode.
2024-09-16 23:50:08 INFO  org.springframework.data.repository.config.RepositoryConfigurationDelegate - Finished Spring Data repository scanning in 67 ms. Found 1 JPA repository interface.
2024-09-16 23:50:09 INFO  org.springframework.boot.web.embedded.tomcat.TomcatWebServer - Tomcat initialized with port 8080 (http)
2024-09-16 23:50:09 INFO  org.springframework.boot.web.servlet.context.ServletWebServerApplicationContext - Root WebApplicationContext: initialization completed in 4104 ms
2024-09-16 23:50:10 INFO  org.hibernate.jpa.internal.util.LogHelper - HHH000204: Processing PersistenceUnitInfo [name: default]
2024-09-16 23:50:10 INFO  org.hibernate.Version - HHH000412: Hibernate ORM core version 6.5.2.Final
2024-09-16 23:50:10 INFO  org.hibernate.cache.internal.RegionFactoryInitiator - HHH000026: Second-level cache disabled
2024-09-16 23:50:11 INFO  org.springframework.orm.jpa.persistenceunit.SpringPersistenceUnitInfo - No LoadTimeWeaver setup: ignoring JPA class transformer
2024-09-16 23:50:14 INFO  org.hibernate.engine.transaction.jta.platform.internal.JtaPlatformInitiator - HHH000489: No JTA platform available (set 'hibernate.transaction.jta.platform' to enable JTA platform integration)
2024-09-16 23:50:14 INFO  org.springframework.orm.jpa.LocalContainerEntityManagerFactoryBean - Initialized JPA EntityManagerFactory for persistence unit 'default'
2024-09-16 23:50:15 WARN  org.springframework.boot.autoconfigure.orm.jpa.JpaBaseConfiguration$JpaWebConfiguration - spring.jpa.open-in-view is enabled by default. Therefore, database queries may be performed during view rendering. Explicitly configure spring.jpa.open-in-view to disable this warning
2024-09-16 23:50:16 INFO  org.springframework.boot.devtools.autoconfigure.OptionalLiveReloadServer - LiveReload server is running on port 35729
2024-09-16 23:50:16 INFO  org.springframework.boot.actuate.endpoint.web.EndpointLinksResolver - Exposing 1 endpoint beneath base path '/actuator'
2024-09-16 23:50:16 INFO  org.springframework.boot.web.embedded.tomcat.TomcatWebServer - Tomcat started on port 8080 (http) with context path '/'
2024-09-16 23:50:16 INFO  com.example.sms_app.SmsAppApplication - Started SmsAppApplication in 12.622 seconds (process running for 15.386)
2024-09-16 23:50:35 INFO  org.springframework.web.servlet.DispatcherServlet - Initializing Servlet 'dispatcherServlet'
2024-09-16 23:50:35 INFO  org.springframework.web.servlet.DispatcherServlet - Completed initialization in 36 ms
2024-09-16 23:50:36 WARN  org.springframework.web.servlet.mvc.method.annotation.ExceptionHandlerExceptionResolver - Resolved [com.example.sms_app.exception.CustomException:  Thrown custom exception]
2024-09-16 23:51:27 WARN  org.springframework.web.servlet.mvc.method.annotation.ExceptionHandlerExceptionResolver - Resolved [com.example.sms_app.exception.CustomException:  Thrown custom exception]
2024-09-16 23:52:47 INFO  org.springframework.orm.jpa.LocalContainerEntityManagerFactoryBean - Closing JPA EntityManagerFactory for persistence unit 'default'
